This file contains any messages produced by compilers while
running configure, to aid debugging if configure makes a mistake.

It was created by Protocol Buffers configure 3.6.1, which was
generated by GNU Autoconf 2.69.  Invocation command line was

  $ ./configure -prefix=/usr/local/

## --------- ##
## Platform. ##
## --------- ##

hostname = node1
uname -m = x86_64
uname -r = 5.15.10
uname -s = Linux
uname -v = #1 SMP Wed Nov 30 06:28:15 EST 2022

/usr/bin/uname -p = x86_64
/bin/uname -X     = unknown

/bin/arch              = x86_64
/usr/bin/arch -k       = unknown
/usr/convex/getsysinfo = unknown
/usr/bin/hostinfo      = unknown
/bin/machine           = unknown
/usr/bin/oslevel       = unknown
/bin/universe          = unknown

PATH: /root/.vscode-server/bin/b06ae3b2d2dbfe28bca3134cc6be65935cdfea6a/bin/remote-cli
PATH: /usr/lib64/ccache
PATH: /usr/local/sbin
PATH: /usr/local/bin
PATH: /usr/sbin
PATH: /usr/bin
PATH: /usr/local/go/bin
PATH: /root/bin


## ----------- ##
## Core tests. ##
## ----------- ##

configure:2600: checking whether to enable maintainer-specific portions of Makefiles
configure:2609: result: yes
configure:2684: checking build system type
configure:2698: result: x86_64-unknown-linux-gnu
configure:2718: checking host system type
configure:2731: result: x86_64-unknown-linux-gnu
configure:2751: checking target system type
configure:2764: result: x86_64-unknown-linux-gnu
configure:2807: checking for a BSD-compatible install
configure:2875: result: /usr/bin/install -c
configure:2886: checking whether build environment is sane
configure:2941: result: yes
configure:3092: checking for a thread-safe mkdir -p
configure:3131: result: /usr/bin/mkdir -p
configure:3138: checking for gawk
configure:3154: found /usr/bin/gawk
configure:3165: result: gawk
configure:3176: checking whether make sets $(MAKE)
configure:3198: result: yes
configure:3227: checking whether make supports nested variables
configure:3244: result: yes
configure:3333: checking whether UID '0' is supported by ustar format
configure:3336: result: yes
configure:3343: checking whether GID '0' is supported by ustar format
configure:3346: result: yes
configure:3354: checking how to create a ustar tar archive
configure:3365: tar --version
tar (GNU tar) 1.26
Copyright (C) 2011 Free Software Foundation, Inc.
License GPLv3+: GNU GPL version 3 or later <http://gnu.org/licenses/gpl.html>.
This is free software: you are free to change and redistribute it.
There is NO WARRANTY, to the extent permitted by law.

Written by John Gilmore and Jay Fenlason.
configure:3368: $? = 0
configure:3408: tardir=conftest.dir && eval tar --format=ustar -chf - "$tardir" >conftest.tar
configure:3411: $? = 0
configure:3415: tar -xf - <conftest.tar
configure:3418: $? = 0
configure:3420: cat conftest.dir/file
GrepMe
configure:3423: $? = 0
configure:3436: result: gnutar
configure:3526: checking for gcc
configure:3542: found /usr/lib64/ccache/gcc
configure:3553: result: gcc
configure:3782: checking for C compiler version
configure:3791: gcc --version >&5
gcc (GCC) 7.3.1 20180303 (Red Hat 7.3.1-5)
Copyright (C) 2017 Free Software Foundation, Inc.
This is free software; see the source for copying conditions.  There is NO
warranty; not even for MERCHANTABILITY or FITNESS FOR A PARTICULAR PURPOSE.

configure:3802: $? = 0
configure:3791: gcc -v >&5
Using built-in specs.
COLLECT_GCC=/usr/local/bin/gcc
COLLECT_LTO_WRAPPER=/opt/rh/devtoolset-7/root/usr/libexec/gcc/x86_64-redhat-linux/7/lto-wrapper
Target: x86_64-redhat-linux
Configured with: ../configure --enable-bootstrap --enable-languages=c,c++,fortran,lto --prefix=/opt/rh/devtoolset-7/root/usr --mandir=/opt/rh/devtoolset-7/root/usr/share/man --infodir=/opt/rh/devtoolset-7/root/usr/share/info --with-bugurl=http://bugzilla.redhat.com/bugzilla --enable-shared --enable-threads=posix --enable-checking=release --enable-multilib --with-system-zlib --enable-__cxa_atexit --disable-libunwind-exceptions --enable-gnu-unique-object --enable-linker-build-id --with-gcc-major-version-only --enable-plugin --with-linker-hash-style=gnu --enable-initfini-array --with-default-libstdcxx-abi=gcc4-compatible --with-isl=/builddir/build/BUILD/gcc-7.3.1-20180303/obj-x86_64-redhat-linux/isl-install --enable-libmpx --enable-gnu-indirect-function --with-tune=generic --with-arch_32=i686 --build=x86_64-redhat-linux
Thread model: posix
gcc version 7.3.1 20180303 (Red Hat 7.3.1-5) (GCC) 
configure:3802: $? = 0
configure:3791: gcc -V >&5
gcc: error: unrecognized command line option '-V'
gcc: fatal error: no input files
compilation terminated.
configure:3802: $? = 1
configure:3791: gcc -qversion >&5
gcc: error: unrecognized command line option '-qversion'; did you mean '--version'?
gcc: fatal error: no input files
compilation terminated.
configure:3802: $? = 1
configure:3822: checking whether the C compiler works
configure:3844: gcc    conftest.c  >&5
configure:3848: $? = 0
configure:3896: result: yes
configure:3899: checking for C compiler default output file name
configure:3901: result: a.out
configure:3907: checking for suffix of executables
configure:3914: gcc -o conftest    conftest.c  >&5
configure:3918: $? = 0
configure:3940: result: 
configure:3962: checking whether we are cross compiling
configure:3970: gcc -o conftest    conftest.c  >&5
configure:3974: $? = 0
configure:3981: ./conftest
configure:3985: $? = 0
configure:4000: result: no
configure:4005: checking for suffix of object files
configure:4027: gcc -c   conftest.c >&5
configure:4031: $? = 0
configure:4052: result: o
configure:4056: checking whether we are using the GNU C compiler
configure:4075: gcc -c   conftest.c >&5
configure:4075: $? = 0
configure:4084: result: yes
configure:4093: checking whether gcc accepts -g
configure:4113: gcc -c -g  conftest.c >&5
configure:4113: $? = 0
configure:4154: result: yes
configure:4171: checking for gcc option to accept ISO C89
configure:4234: gcc  -c   conftest.c >&5
configure:4234: $? = 0
configure:4247: result: none needed
configure:4278: checking for style of include used by make
configure:4306: result: GNU
configure:4332: checking dependency style of gcc
configure:4443: result: gcc3
configure:4516: checking for g++
configure:4532: found /usr/lib64/ccache/g++
configure:4543: result: g++
configure:4570: checking for C++ compiler version
configure:4579: g++ --version >&5
g++ (GCC) 7.3.1 20180303 (Red Hat 7.3.1-5)
Copyright (C) 2017 Free Software Foundation, Inc.
This is free software; see the source for copying conditions.  There is NO
warranty; not even for MERCHANTABILITY or FITNESS FOR A PARTICULAR PURPOSE.

configure:4590: $? = 0
configure:4579: g++ -v >&5
Using built-in specs.
COLLECT_GCC=/usr/local/bin/g++
COLLECT_LTO_WRAPPER=/opt/rh/devtoolset-7/root/usr/libexec/gcc/x86_64-redhat-linux/7/lto-wrapper
Target: x86_64-redhat-linux
Configured with: ../configure --enable-bootstrap --enable-languages=c,c++,fortran,lto --prefix=/opt/rh/devtoolset-7/root/usr --mandir=/opt/rh/devtoolset-7/root/usr/share/man --infodir=/opt/rh/devtoolset-7/root/usr/share/info --with-bugurl=http://bugzilla.redhat.com/bugzilla --enable-shared --enable-threads=posix --enable-checking=release --enable-multilib --with-system-zlib --enable-__cxa_atexit --disable-libunwind-exceptions --enable-gnu-unique-object --enable-linker-build-id --with-gcc-major-version-only --enable-plugin --with-linker-hash-style=gnu --enable-initfini-array --with-default-libstdcxx-abi=gcc4-compatible --with-isl=/builddir/build/BUILD/gcc-7.3.1-20180303/obj-x86_64-redhat-linux/isl-install --enable-libmpx --enable-gnu-indirect-function --with-tune=generic --with-arch_32=i686 --build=x86_64-redhat-linux
Thread model: posix
gcc version 7.3.1 20180303 (Red Hat 7.3.1-5) (GCC) 
configure:4590: $? = 0
configure:4579: g++ -V >&5
g++: error: unrecognized command line option '-V'
g++: fatal error: no input files
compilation terminated.
configure:4590: $? = 1
configure:4579: g++ -qversion >&5
g++: error: unrecognized command line option '-qversion'; did you mean '--version'?
g++: fatal error: no input files
compilation terminated.
configure:4590: $? = 1
configure:4594: checking whether we are using the GNU C++ compiler
configure:4613: g++ -c   conftest.cpp >&5
configure:4613: $? = 0
configure:4622: result: yes
configure:4631: checking whether g++ accepts -g
configure:4651: g++ -c -g  conftest.cpp >&5
configure:4651: $? = 0
configure:4692: result: yes
configure:4717: checking dependency style of g++
configure:4828: result: gcc3
configure:4848: checking how to run the C preprocessor
configure:4879: gcc -E  conftest.c
configure:4879: $? = 0
configure:4893: gcc -E  conftest.c
conftest.c:11:10: fatal error: ac_nonexistent.h: No such file or directory
 #include <ac_nonexistent.h>
          ^~~~~~~~~~~~~~~~~~
compilation terminated.
configure:4893: $? = 1
configure: failed program was:
| /* confdefs.h */
| #define PACKAGE_NAME "Protocol Buffers"
| #define PACKAGE_TARNAME "protobuf"
| #define PACKAGE_VERSION "3.6.1"
| #define PACKAGE_STRING "Protocol Buffers 3.6.1"
| #define PACKAGE_BUGREPORT "protobuf@googlegroups.com"
| #define PACKAGE_URL ""
| #define PACKAGE "protobuf"
| #define VERSION "3.6.1"
| /* end confdefs.h.  */
| #include <ac_nonexistent.h>
configure:4918: result: gcc -E
configure:4938: gcc -E  conftest.c
configure:4938: $? = 0
configure:4952: gcc -E  conftest.c
conftest.c:11:10: fatal error: ac_nonexistent.h: No such file or directory
 #include <ac_nonexistent.h>
          ^~~~~~~~~~~~~~~~~~
compilation terminated.
configure:4952: $? = 1
configure: failed program was:
| /* confdefs.h */
| #define PACKAGE_NAME "Protocol Buffers"
| #define PACKAGE_TARNAME "protobuf"
| #define PACKAGE_VERSION "3.6.1"
| #define PACKAGE_STRING "Protocol Buffers 3.6.1"
| #define PACKAGE_BUGREPORT "protobuf@googlegroups.com"
| #define PACKAGE_URL ""
| #define PACKAGE "protobuf"
| #define VERSION "3.6.1"
| /* end confdefs.h.  */
| #include <ac_nonexistent.h>
configure:5036: checking for gcc
configure:5052: found /usr/lib64/ccache/gcc
configure:5063: result: gcc
configure:5292: checking for C compiler version
configure:5301: gcc --version >&5
gcc (GCC) 7.3.1 20180303 (Red Hat 7.3.1-5)
Copyright (C) 2017 Free Software Foundation, Inc.
This is free software; see the source for copying conditions.  There is NO
warranty; not even for MERCHANTABILITY or FITNESS FOR A PARTICULAR PURPOSE.

configure:5312: $? = 0
configure:5301: gcc -v >&5
Using built-in specs.
COLLECT_GCC=/usr/local/bin/gcc
COLLECT_LTO_WRAPPER=/opt/rh/devtoolset-7/root/usr/libexec/gcc/x86_64-redhat-linux/7/lto-wrapper
Target: x86_64-redhat-linux
Configured with: ../configure --enable-bootstrap --enable-languages=c,c++,fortran,lto --prefix=/opt/rh/devtoolset-7/root/usr --mandir=/opt/rh/devtoolset-7/root/usr/share/man --infodir=/opt/rh/devtoolset-7/root/usr/share/info --with-bugurl=http://bugzilla.redhat.com/bugzilla --enable-shared --enable-threads=posix --enable-checking=release --enable-multilib --with-system-zlib --enable-__cxa_atexit --disable-libunwind-exceptions --enable-gnu-unique-object --enable-linker-build-id --with-gcc-major-version-only --enable-plugin --with-linker-hash-style=gnu --enable-initfini-array --with-default-libstdcxx-abi=gcc4-compatible --with-isl=/builddir/build/BUILD/gcc-7.3.1-20180303/obj-x86_64-redhat-linux/isl-install --enable-libmpx --enable-gnu-indirect-function --with-tune=generic --with-arch_32=i686 --build=x86_64-redhat-linux
Thread model: posix
gcc version 7.3.1 20180303 (Red Hat 7.3.1-5) (GCC) 
configure:5312: $? = 0
configure:5301: gcc -V >&5
gcc: error: unrecognized command line option '-V'
gcc: fatal error: no input files
compilation terminated.
configure:5312: $? = 1
configure:5301: gcc -qversion >&5
gcc: error: unrecognized command line option '-qversion'; did you mean '--version'?
gcc: fatal error: no input files
compilation terminated.
configure:5312: $? = 1
configure:5316: checking whether we are using the GNU C compiler
configure:5344: result: yes
configure:5353: checking whether gcc accepts -g
configure:5373: gcc -c   conftest.c >&5
configure:5373: $? = 0
configure:5414: result: yes
configure:5431: checking for gcc option to accept ISO C89
configure:5507: result: none needed
configure:5529: checking dependency style of gcc
configure:5640: result: gcc3
configure:5660: checking how to run the C preprocessor
configure:5691: gcc -E  conftest.c
configure:5691: $? = 0
configure:5705: gcc -E  conftest.c
conftest.c:11:10: fatal error: ac_nonexistent.h: No such file or directory
 #include <ac_nonexistent.h>
          ^~~~~~~~~~~~~~~~~~
compilation terminated.
configure:5705: $? = 1
configure: failed program was:
| /* confdefs.h */
| #define PACKAGE_NAME "Protocol Buffers"
| #define PACKAGE_TARNAME "protobuf"
| #define PACKAGE_VERSION "3.6.1"
| #define PACKAGE_STRING "Protocol Buffers 3.6.1"
| #define PACKAGE_BUGREPORT "protobuf@googlegroups.com"
| #define PACKAGE_URL ""
| #define PACKAGE "protobuf"
| #define VERSION "3.6.1"
| /* end confdefs.h.  */
| #include <ac_nonexistent.h>
configure:5730: result: gcc -E
configure:5750: gcc -E  conftest.c
configure:5750: $? = 0
configure:5764: gcc -E  conftest.c
conftest.c:11:10: fatal error: ac_nonexistent.h: No such file or directory
 #include <ac_nonexistent.h>
          ^~~~~~~~~~~~~~~~~~
compilation terminated.
configure:5764: $? = 1
configure: failed program was:
| /* confdefs.h */
| #define PACKAGE_NAME "Protocol Buffers"
| #define PACKAGE_TARNAME "protobuf"
| #define PACKAGE_VERSION "3.6.1"
| #define PACKAGE_STRING "Protocol Buffers 3.6.1"
| #define PACKAGE_BUGREPORT "protobuf@googlegroups.com"
| #define PACKAGE_URL ""
| #define PACKAGE "protobuf"
| #define VERSION "3.6.1"
| /* end confdefs.h.  */
| #include <ac_nonexistent.h>
configure:5806: checking how to run the C++ preprocessor
configure:5833: g++ -E  conftest.cpp
configure:5833: $? = 0
configure:5847: g++ -E  conftest.cpp
conftest.cpp:11:10: fatal error: ac_nonexistent.h: No such file or directory
 #include <ac_nonexistent.h>
          ^~~~~~~~~~~~~~~~~~
compilation terminated.
configure:5847: $? = 1
configure: failed program was:
| /* confdefs.h */
| #define PACKAGE_NAME "Protocol Buffers"
| #define PACKAGE_TARNAME "protobuf"
| #define PACKAGE_VERSION "3.6.1"
| #define PACKAGE_STRING "Protocol Buffers 3.6.1"
| #define PACKAGE_BUGREPORT "protobuf@googlegroups.com"
| #define PACKAGE_URL ""
| #define PACKAGE "protobuf"
| #define VERSION "3.6.1"
| /* end confdefs.h.  */
| #include <ac_nonexistent.h>
configure:5872: result: g++ -E
configure:5892: g++ -E  conftest.cpp
configure:5892: $? = 0
configure:5906: g++ -E  conftest.cpp
conftest.cpp:11:10: fatal error: ac_nonexistent.h: No such file or directory
 #include <ac_nonexistent.h>
          ^~~~~~~~~~~~~~~~~~
compilation terminated.
configure:5906: $? = 1
configure: failed program was:
| /* confdefs.h */
| #define PACKAGE_NAME "Protocol Buffers"
| #define PACKAGE_TARNAME "protobuf"
| #define PACKAGE_VERSION "3.6.1"
| #define PACKAGE_STRING "Protocol Buffers 3.6.1"
| #define PACKAGE_BUGREPORT "protobuf@googlegroups.com"
| #define PACKAGE_URL ""
| #define PACKAGE "protobuf"
| #define VERSION "3.6.1"
| /* end confdefs.h.  */
| #include <ac_nonexistent.h>
configure:5999: checking for g++
configure:6015: found /usr/lib64/ccache/g++
configure:6026: result: g++
configure:6053: checking for C++ compiler version
configure:6062: g++ --version >&5
g++ (GCC) 7.3.1 20180303 (Red Hat 7.3.1-5)
Copyright (C) 2017 Free Software Foundation, Inc.
This is free software; see the source for copying conditions.  There is NO
warranty; not even for MERCHANTABILITY or FITNESS FOR A PARTICULAR PURPOSE.

configure:6073: $? = 0
configure:6062: g++ -v >&5
Using built-in specs.
COLLECT_GCC=/usr/local/bin/g++
COLLECT_LTO_WRAPPER=/opt/rh/devtoolset-7/root/usr/libexec/gcc/x86_64-redhat-linux/7/lto-wrapper
Target: x86_64-redhat-linux
Configured with: ../configure --enable-bootstrap --enable-languages=c,c++,fortran,lto --prefix=/opt/rh/devtoolset-7/root/usr --mandir=/opt/rh/devtoolset-7/root/usr/share/man --infodir=/opt/rh/devtoolset-7/root/usr/share/info --with-bugurl=http://bugzilla.redhat.com/bugzilla --enable-shared --enable-threads=posix --enable-checking=release --enable-multilib --with-system-zlib --enable-__cxa_atexit --disable-libunwind-exceptions --enable-gnu-unique-object --enable-linker-build-id --with-gcc-major-version-only --enable-plugin --with-linker-hash-style=gnu --enable-initfini-array --with-default-libstdcxx-abi=gcc4-compatible --with-isl=/builddir/build/BUILD/gcc-7.3.1-20180303/obj-x86_64-redhat-linux/isl-install --enable-libmpx --enable-gnu-indirect-function --with-tune=generic --with-arch_32=i686 --build=x86_64-redhat-linux
Thread model: posix
gcc version 7.3.1 20180303 (Red Hat 7.3.1-5) (GCC) 
configure:6073: $? = 0
configure:6062: g++ -V >&5
g++: error: unrecognized command line option '-V'
g++: fatal error: no input files
compilation terminated.
configure:6073: $? = 1
configure:6062: g++ -qversion >&5
g++: error: unrecognized command line option '-qversion'; did you mean '--version'?
g++: fatal error: no input files
compilation terminated.
configure:6073: $? = 1
configure:6077: checking whether we are using the GNU C++ compiler
configure:6105: result: yes
configure:6114: checking whether g++ accepts -g
configure:6134: gcc -c   conftest.cpp >&5
configure:6134: $? = 0
configure:6175: result: yes
configure:6200: checking dependency style of g++
configure:6311: result: gcc3
configure:6331: checking how to run the C++ preprocessor
configure:6358: g++ -E  conftest.cpp
configure:6358: $? = 0
configure:6372: g++ -E  conftest.cpp
conftest.cpp:11:10: fatal error: ac_nonexistent.h: No such file or directory
 #include <ac_nonexistent.h>
          ^~~~~~~~~~~~~~~~~~
compilation terminated.
configure:6372: $? = 1
configure: failed program was:
| /* confdefs.h */
| #define PACKAGE_NAME "Protocol Buffers"
| #define PACKAGE_TARNAME "protobuf"
| #define PACKAGE_VERSION "3.6.1"
| #define PACKAGE_STRING "Protocol Buffers 3.6.1"
| #define PACKAGE_BUGREPORT "protobuf@googlegroups.com"
| #define PACKAGE_URL ""
| #define PACKAGE "protobuf"
| #define VERSION "3.6.1"
| /* end confdefs.h.  */
| #include <ac_nonexistent.h>
configure:6397: result: g++ -E
configure:6417: g++ -E  conftest.cpp
configure:6417: $? = 0
configure:6431: g++ -E  conftest.cpp
conftest.cpp:11:10: fatal error: ac_nonexistent.h: No such file or directory
 #include <ac_nonexistent.h>
          ^~~~~~~~~~~~~~~~~~
compilation terminated.
configure:6431: $? = 1
configure: failed program was:
| /* confdefs.h */
| #define PACKAGE_NAME "Protocol Buffers"
| #define PACKAGE_TARNAME "protobuf"
| #define PACKAGE_VERSION "3.6.1"
| #define PACKAGE_STRING "Protocol Buffers 3.6.1"
| #define PACKAGE_BUGREPORT "protobuf@googlegroups.com"
| #define PACKAGE_URL ""
| #define PACKAGE "protobuf"
| #define VERSION "3.6.1"
| /* end confdefs.h.  */
| #include <ac_nonexistent.h>
configure:6473: checking for grep that handles long lines and -e
configure:6531: result: /usr/bin/grep
configure:6536: checking for egrep
configure:6598: result: /usr/bin/grep -E
configure:6603: checking for ANSI C header files
configure:6623: g++ -c   conftest.cpp >&5
configure:6623: $? = 0
configure:6696: g++ -o conftest    conftest.cpp  >&5
configure:6696: $? = 0
configure:6696: ./conftest
configure:6696: $? = 0
configure:6707: result: yes
configure:6720: checking for sys/types.h
configure:6720: g++ -c   conftest.cpp >&5
configure:6720: $? = 0
configure:6720: result: yes
configure:6720: checking for sys/stat.h
configure:6720: g++ -c   conftest.cpp >&5
configure:6720: $? = 0
configure:6720: result: yes
configure:6720: checking for stdlib.h
configure:6720: g++ -c   conftest.cpp >&5
configure:6720: $? = 0
configure:6720: result: yes
configure:6720: checking for string.h
configure:6720: g++ -c   conftest.cpp >&5
configure:6720: $? = 0
configure:6720: result: yes
configure:6720: checking for memory.h
configure:6720: g++ -c   conftest.cpp >&5
configure:6720: $? = 0
configure:6720: result: yes
configure:6720: checking for strings.h
configure:6720: g++ -c   conftest.cpp >&5
configure:6720: $? = 0
configure:6720: result: yes
configure:6720: checking for inttypes.h
configure:6720: g++ -c   conftest.cpp >&5
configure:6720: $? = 0
configure:6720: result: yes
configure:6720: checking for stdint.h
configure:6720: g++ -c   conftest.cpp >&5
configure:6720: $? = 0
configure:6720: result: yes
configure:6720: checking for unistd.h
configure:6720: g++ -c   conftest.cpp >&5
configure:6720: $? = 0
configure:6720: result: yes
configure:6733: checking minix/config.h usability
configure:6733: g++ -c   conftest.cpp >&5
conftest.cpp:54:10: fatal error: minix/config.h: No such file or directory
 #include <minix/config.h>
          ^~~~~~~~~~~~~~~~
compilation terminated.
configure:6733: $? = 1
configure: failed program was:
| /* confdefs.h */
| #define PACKAGE_NAME "Protocol Buffers"
| #define PACKAGE_TARNAME "protobuf"
| #define PACKAGE_VERSION "3.6.1"
| #define PACKAGE_STRING "Protocol Buffers 3.6.1"
| #define PACKAGE_BUGREPORT "protobuf@googlegroups.com"
| #define PACKAGE_URL ""
| #define PACKAGE "protobuf"
| #define VERSION "3.6.1"
| #define STDC_HEADERS 1
| #define HAVE_SYS_TYPES_H 1
| #define HAVE_SYS_STAT_H 1
| #define HAVE_STDLIB_H 1
| #define HAVE_STRING_H 1
| #define HAVE_MEMORY_H 1
| #define HAVE_STRINGS_H 1
| #define HAVE_INTTYPES_H 1
| #define HAVE_STDINT_H 1
| #define HAVE_UNISTD_H 1
| /* end confdefs.h.  */
| #include <stdio.h>
| #ifdef HAVE_SYS_TYPES_H
| # include <sys/types.h>
| #endif
| #ifdef HAVE_SYS_STAT_H
| # include <sys/stat.h>
| #endif
| #ifdef STDC_HEADERS
| # include <stdlib.h>
| # include <stddef.h>
| #else
| # ifdef HAVE_STDLIB_H
| #  include <stdlib.h>
| # endif
| #endif
| #ifdef HAVE_STRING_H
| # if !defined STDC_HEADERS && defined HAVE_MEMORY_H
| #  include <memory.h>
| # endif
| # include <string.h>
| #endif
| #ifdef HAVE_STRINGS_H
| # include <strings.h>
| #endif
| #ifdef HAVE_INTTYPES_H
| # include <inttypes.h>
| #endif
| #ifdef HAVE_STDINT_H
| # include <stdint.h>
| #endif
| #ifdef HAVE_UNISTD_H
| # include <unistd.h>
| #endif
| #include <minix/config.h>
configure:6733: result: no
configure:6733: checking minix/config.h presence
configure:6733: g++ -E  conftest.cpp
conftest.cpp:21:10: fatal error: minix/config.h: No such file or directory
 #include <minix/config.h>
          ^~~~~~~~~~~~~~~~
compilation terminated.
configure:6733: $? = 1
configure: failed program was:
| /* confdefs.h */
| #define PACKAGE_NAME "Protocol Buffers"
| #define PACKAGE_TARNAME "protobuf"
| #define PACKAGE_VERSION "3.6.1"
| #define PACKAGE_STRING "Protocol Buffers 3.6.1"
| #define PACKAGE_BUGREPORT "protobuf@googlegroups.com"
| #define PACKAGE_URL ""
| #define PACKAGE "protobuf"
| #define VERSION "3.6.1"
| #define STDC_HEADERS 1
| #define HAVE_SYS_TYPES_H 1
| #define HAVE_SYS_STAT_H 1
| #define HAVE_STDLIB_H 1
| #define HAVE_STRING_H 1
| #define HAVE_MEMORY_H 1
| #define HAVE_STRINGS_H 1
| #define HAVE_INTTYPES_H 1
| #define HAVE_STDINT_H 1
| #define HAVE_UNISTD_H 1
| /* end confdefs.h.  */
| #include <minix/config.h>
configure:6733: result: no
configure:6733: checking for minix/config.h
configure:6733: result: no
configure:6754: checking whether it is safe to define __EXTENSIONS__
configure:6772: g++ -c   conftest.cpp >&5
configure:6772: $? = 0
configure:6779: result: yes
configure:6847: checking for ar
configure:6863: found /usr/bin/ar
configure:6874: result: ar
configure:6900: checking the archiver (ar) interface
configure:6910: g++ -c   conftest.cpp >&5
configure:6910: $? = 0
configure:6912: ar cru libconftest.a conftest.o >&5
configure:6915: $? = 0
configure:6938: result: ar
configure:7020: checking for gcc
configure:7036: found /usr/lib64/ccache/gcc
configure:7047: result: gcc
configure:7072: checking for Objective C compiler version
configure:7081: gcc --version >&5
gcc (GCC) 7.3.1 20180303 (Red Hat 7.3.1-5)
Copyright (C) 2017 Free Software Foundation, Inc.
This is free software; see the source for copying conditions.  There is NO
warranty; not even for MERCHANTABILITY or FITNESS FOR A PARTICULAR PURPOSE.

configure:7092: $? = 0
configure:7081: gcc -v >&5
Using built-in specs.
COLLECT_GCC=/usr/local/bin/gcc
COLLECT_LTO_WRAPPER=/opt/rh/devtoolset-7/root/usr/libexec/gcc/x86_64-redhat-linux/7/lto-wrapper
Target: x86_64-redhat-linux
Configured with: ../configure --enable-bootstrap --enable-languages=c,c++,fortran,lto --prefix=/opt/rh/devtoolset-7/root/usr --mandir=/opt/rh/devtoolset-7/root/usr/share/man --infodir=/opt/rh/devtoolset-7/root/usr/share/info --with-bugurl=http://bugzilla.redhat.com/bugzilla --enable-shared --enable-threads=posix --enable-checking=release --enable-multilib --with-system-zlib --enable-__cxa_atexit --disable-libunwind-exceptions --enable-gnu-unique-object --enable-linker-build-id --with-gcc-major-version-only --enable-plugin --with-linker-hash-style=gnu --enable-initfini-array --with-default-libstdcxx-abi=gcc4-compatible --with-isl=/builddir/build/BUILD/gcc-7.3.1-20180303/obj-x86_64-redhat-linux/isl-install --enable-libmpx --enable-gnu-indirect-function --with-tune=generic --with-arch_32=i686 --build=x86_64-redhat-linux
Thread model: posix
gcc version 7.3.1 20180303 (Red Hat 7.3.1-5) (GCC) 
configure:7092: $? = 0
configure:7081: gcc -V >&5
gcc: error: unrecognized command line option '-V'
gcc: fatal error: no input files
compilation terminated.
configure:7092: $? = 1
configure:7081: gcc -qversion >&5
gcc: error: unrecognized command line option '-qversion'; did you mean '--version'?
gcc: fatal error: no input files
compilation terminated.
configure:7092: $? = 1
configure:7096: checking whether we are using the GNU Objective C compiler
configure:7115: gcc -c   conftest.m >&5
gcc: error: conftest.m: Objective-C compiler not installed on this system
configure:7115: $? = 1
configure: failed program was:
| /* confdefs.h */
| #define PACKAGE_NAME "Protocol Buffers"
| #define PACKAGE_TARNAME "protobuf"
| #define PACKAGE_VERSION "3.6.1"
| #define PACKAGE_STRING "Protocol Buffers 3.6.1"
| #define PACKAGE_BUGREPORT "protobuf@googlegroups.com"
| #define PACKAGE_URL ""
| #define PACKAGE "protobuf"
| #define VERSION "3.6.1"
| #define STDC_HEADERS 1
| #define HAVE_SYS_TYPES_H 1
| #define HAVE_SYS_STAT_H 1
| #define HAVE_STDLIB_H 1
| #define HAVE_STRING_H 1
| #define HAVE_MEMORY_H 1
| #define HAVE_STRINGS_H 1
| #define HAVE_INTTYPES_H 1
| #define HAVE_STDINT_H 1
| #define HAVE_UNISTD_H 1
| #define __EXTENSIONS__ 1
| #define _ALL_SOURCE 1
| #define _GNU_SOURCE 1
| #define _POSIX_PTHREAD_SEMANTICS 1
| #define _TANDEM_SOURCE 1
| /* end confdefs.h.  */
| 
| int
| main ()
| {
| #ifndef __GNUC__
|        choke me
| #endif
| 
|   ;
|   return 0;
| }
configure:7124: result: no
configure:7133: checking whether gcc accepts -g
configure:7153: gcc -c -g  conftest.m >&5
gcc: error: conftest.m: Objective-C compiler not installed on this system
configure:7153: $? = 1
configure: failed program was:
| /* confdefs.h */
| #define PACKAGE_NAME "Protocol Buffers"
| #define PACKAGE_TARNAME "protobuf"
| #define PACKAGE_VERSION "3.6.1"
| #define PACKAGE_STRING "Protocol Buffers 3.6.1"
| #define PACKAGE_BUGREPORT "protobuf@googlegroups.com"
| #define PACKAGE_URL ""
| #define PACKAGE "protobuf"
| #define VERSION "3.6.1"
| #define STDC_HEADERS 1
| #define HAVE_SYS_TYPES_H 1
| #define HAVE_SYS_STAT_H 1
| #define HAVE_STDLIB_H 1
| #define HAVE_STRING_H 1
| #define HAVE_MEMORY_H 1
| #define HAVE_STRINGS_H 1
| #define HAVE_INTTYPES_H 1
| #define HAVE_STDINT_H 1
| #define HAVE_UNISTD_H 1
| #define __EXTENSIONS__ 1
| #define _ALL_SOURCE 1
| #define _GNU_SOURCE 1
| #define _POSIX_PTHREAD_SEMANTICS 1
| #define _TANDEM_SOURCE 1
| /* end confdefs.h.  */
| 
| int
| main ()
| {
| 
|   ;
|   return 0;
| }
configure:7168: gcc -c   conftest.m >&5
gcc: error: conftest.m: Objective-C compiler not installed on this system
configure:7168: $? = 1
configure: failed program was:
| /* confdefs.h */
| #define PACKAGE_NAME "Protocol Buffers"
| #define PACKAGE_TARNAME "protobuf"
| #define PACKAGE_VERSION "3.6.1"
| #define PACKAGE_STRING "Protocol Buffers 3.6.1"
| #define PACKAGE_BUGREPORT "protobuf@googlegroups.com"
| #define PACKAGE_URL ""
| #define PACKAGE "protobuf"
| #define VERSION "3.6.1"
| #define STDC_HEADERS 1
| #define HAVE_SYS_TYPES_H 1
| #define HAVE_SYS_STAT_H 1
| #define HAVE_STDLIB_H 1
| #define HAVE_STRING_H 1
| #define HAVE_MEMORY_H 1
| #define HAVE_STRINGS_H 1
| #define HAVE_INTTYPES_H 1
| #define HAVE_STDINT_H 1
| #define HAVE_UNISTD_H 1
| #define __EXTENSIONS__ 1
| #define _ALL_SOURCE 1
| #define _GNU_SOURCE 1
| #define _POSIX_PTHREAD_SEMANTICS 1
| #define _TANDEM_SOURCE 1
| /* end confdefs.h.  */
| 
| int
| main ()
| {
| 
|   ;
|   return 0;
| }
configure:7184: gcc -c -g  conftest.m >&5
gcc: error: conftest.m: Objective-C compiler not installed on this system
configure:7184: $? = 1
configure: failed program was:
| /* confdefs.h */
| #define PACKAGE_NAME "Protocol Buffers"
| #define PACKAGE_TARNAME "protobuf"
| #define PACKAGE_VERSION "3.6.1"
| #define PACKAGE_STRING "Protocol Buffers 3.6.1"
| #define PACKAGE_BUGREPORT "protobuf@googlegroups.com"
| #define PACKAGE_URL ""
| #define PACKAGE "protobuf"
| #define VERSION "3.6.1"
| #define STDC_HEADERS 1
| #define HAVE_SYS_TYPES_H 1
| #define HAVE_SYS_STAT_H 1
| #define HAVE_STDLIB_H 1
| #define HAVE_STRING_H 1
| #define HAVE_MEMORY_H 1
| #define HAVE_STRINGS_H 1
| #define HAVE_INTTYPES_H 1
| #define HAVE_STDINT_H 1
| #define HAVE_UNISTD_H 1
| #define __EXTENSIONS__ 1
| #define _ALL_SOURCE 1
| #define _GNU_SOURCE 1
| #define _POSIX_PTHREAD_SEMANTICS 1
| #define _TANDEM_SOURCE 1
| /* end confdefs.h.  */
| 
| int
| main ()
| {
| 
|   ;
|   return 0;
| }
configure:7194: result: no
configure:7219: checking dependency style of gcc
configure:7328: result: gcc3
configure:7345: checking C++ compiler flags...
configure:7361: result: use default: -O2  -g -std=c++11 -DNDEBUG
configure:7381: checking whether __SUNPRO_CC is declared
configure:7381: g++ -c  -g -std=c++11 -DNDEBUG  conftest.cpp >&5
conftest.cpp: In function 'int main()':
conftest.cpp:64:10: error: '__SUNPRO_CC' was not declared in this scope
   (void) __SUNPRO_CC;
          ^~~~~~~~~~~
configure:7381: $? = 1
configure: failed program was:
| /* confdefs.h */
| #define PACKAGE_NAME "Protocol Buffers"
| #define PACKAGE_TARNAME "protobuf"
| #define PACKAGE_VERSION "3.6.1"
| #define PACKAGE_STRING "Protocol Buffers 3.6.1"
| #define PACKAGE_BUGREPORT "protobuf@googlegroups.com"
| #define PACKAGE_URL ""
| #define PACKAGE "protobuf"
| #define VERSION "3.6.1"
| #define STDC_HEADERS 1
| #define HAVE_SYS_TYPES_H 1
| #define HAVE_SYS_STAT_H 1
| #define HAVE_STDLIB_H 1
| #define HAVE_STRING_H 1
| #define HAVE_MEMORY_H 1
| #define HAVE_STRINGS_H 1
| #define HAVE_INTTYPES_H 1
| #define HAVE_STDINT_H 1
| #define HAVE_UNISTD_H 1
| #define __EXTENSIONS__ 1
| #define _ALL_SOURCE 1
| #define _GNU_SOURCE 1
| #define _POSIX_PTHREAD_SEMANTICS 1
| #define _TANDEM_SOURCE 1
| /* end confdefs.h.  */
| #include <stdio.h>
| #ifdef HAVE_SYS_TYPES_H
| # include <sys/types.h>
| #endif
| #ifdef HAVE_SYS_STAT_H
| # include <sys/stat.h>
| #endif
| #ifdef STDC_HEADERS
| # include <stdlib.h>
| # include <stddef.h>
| #else
| # ifdef HAVE_STDLIB_H
| #  include <stdlib.h>
| # endif
| #endif
| #ifdef HAVE_STRING_H
| # if !defined STDC_HEADERS && defined HAVE_MEMORY_H
| #  include <memory.h>
| # endif
| # include <string.h>
| #endif
| #ifdef HAVE_STRINGS_H
| # include <strings.h>
| #endif
| #ifdef HAVE_INTTYPES_H
| # include <inttypes.h>
| #endif
| #ifdef HAVE_STDINT_H
| # include <stdint.h>
| #endif
| #ifdef HAVE_UNISTD_H
| # include <unistd.h>
| #endif
| int
| main ()
| {
| #ifndef __SUNPRO_CC
| #ifdef __cplusplus
|   (void) __SUNPRO_CC;
| #else
|   (void) __SUNPRO_CC;
| #endif
| #endif
| 
|   ;
|   return 0;
| }
configure:7381: result: no
configure:7545: checking how to print strings
configure:7572: result: printf
configure:7593: checking for a sed that does not truncate output
configure:7657: result: /usr/bin/sed
configure:7675: checking for fgrep
configure:7737: result: /usr/bin/grep -F
configure:7772: checking for ld used by gcc
configure:7839: result: /opt/rh/devtoolset-7/root/usr/libexec/gcc/x86_64-redhat-linux/7/ld
configure:7846: checking if the linker (/opt/rh/devtoolset-7/root/usr/libexec/gcc/x86_64-redhat-linux/7/ld) is GNU ld
configure:7861: result: yes
configure:7873: checking for BSD- or MS-compatible name lister (nm)
configure:7922: result: /usr/bin/nm -B
configure:8052: checking the name lister (/usr/bin/nm -B) interface
configure:8059: g++ -c  -g -std=c++11 -DNDEBUG  conftest.cpp >&5
configure:8062: /usr/bin/nm -B "conftest.o"
configure:8065: output
0000000000000000 B some_variable
configure:8072: result: BSD nm
configure:8075: checking whether ln -s works
configure:8079: result: yes
configure:8087: checking the maximum length of command line arguments
configure:8217: result: 1572864
configure:8234: checking whether the shell understands some XSI constructs
configure:8244: result: yes
configure:8248: checking whether the shell understands "+="
configure:8254: result: yes
configure:8289: checking how to convert x86_64-unknown-linux-gnu file names to x86_64-unknown-linux-gnu format
configure:8329: result: func_convert_file_noop
configure:8336: checking how to convert x86_64-unknown-linux-gnu file names to toolchain format
configure:8356: result: func_convert_file_noop
configure:8363: checking for /opt/rh/devtoolset-7/root/usr/libexec/gcc/x86_64-redhat-linux/7/ld option to reload object files
configure:8370: result: -r
configure:8444: checking for objdump
configure:8460: found /usr/bin/objdump
configure:8471: result: objdump
configure:8503: checking how to recognize dependent libraries
configure:8705: result: pass_all
configure:8790: checking for dlltool
configure:8820: result: no
configure:8850: checking how to associate runtime and link libraries
configure:8877: result: printf %s\n
configure:9001: checking for archiver @FILE support
configure:9018: g++ -c  -g -std=c++11 -DNDEBUG  conftest.cpp >&5
configure:9018: $? = 0
configure:9021: ar cru libconftest.a @conftest.lst >&5
configure:9024: $? = 0
configure:9029: ar cru libconftest.a @conftest.lst >&5
ar: conftest.o: No such file or directory
configure:9032: $? = 1
configure:9044: result: @
configure:9102: checking for strip
configure:9118: found /usr/bin/strip
configure:9129: result: strip
configure:9201: checking for ranlib
configure:9217: found /usr/bin/ranlib
configure:9228: result: ranlib
configure:9330: checking command to parse /usr/bin/nm -B output from gcc object
configure:9450: g++ -c  -g -std=c++11 -DNDEBUG  conftest.cpp >&5
configure:9453: $? = 0
configure:9457: /usr/bin/nm -B conftest.o \| sed -n -e 's/^.*[ ]\([ABCDGIRSTW][ABCDGIRSTW]*\)[ ][ ]*\([_A-Za-z][_A-Za-z0-9]*\)$/\1 \2 \2/p' | sed '/ __gnu_lto/d' \> conftest.nm
configure:9460: $? = 0
configure:9526: g++ -o conftest  -g -std=c++11 -DNDEBUG   conftest.cpp conftstm.o >&5
configure:9529: $? = 0
configure:9567: result: ok
configure:9604: checking for sysroot
configure:9634: result: no
configure:9712: g++ -c  -g -std=c++11 -DNDEBUG  conftest.cpp >&5
configure:9715: $? = 0
configure:9891: checking for mt
configure:9921: result: no
configure:9941: checking if : is a manifest tool
configure:9947: : '-?'
configure:9955: result: no
configure:10594: checking for dlfcn.h
configure:10594: g++ -c  -g -std=c++11 -DNDEBUG  conftest.cpp >&5
configure:10594: $? = 0
configure:10594: result: yes
configure:10810: checking for objdir
configure:10825: result: .libs
configure:11096: checking if gcc supports -fno-rtti -fno-exceptions
configure:11114: gcc -c   -fno-rtti -fno-exceptions conftest.c >&5
cc1: warning: command line option '-fno-rtti' is valid for C++/ObjC++ but not for C
configure:11118: $? = 0
configure:11131: result: no
configure:11458: checking for gcc option to produce PIC
configure:11465: result: -fPIC -DPIC
configure:11473: checking if gcc PIC flag -fPIC -DPIC works
configure:11491: gcc -c   -fPIC -DPIC -DPIC conftest.c >&5
configure:11495: $? = 0
configure:11508: result: yes
configure:11537: checking if gcc static flag -static works
configure:11565: result: no
configure:11580: checking if gcc supports -c -o file.o
configure:11601: gcc -c   -o out/conftest2.o conftest.c >&5
configure:11605: $? = 0
configure:11627: result: yes
configure:11635: checking if gcc supports -c -o file.o
configure:11682: result: yes
configure:11715: checking whether the gcc linker (/opt/rh/devtoolset-7/root/usr/libexec/gcc/x86_64-redhat-linux/7/ld -m elf_x86_64) supports shared libraries
configure:12868: result: yes
configure:12905: checking whether -lc should be explicitly linked in
configure:12913: gcc -c   conftest.c >&5
configure:12916: $? = 0
configure:12931: gcc -shared  -fPIC -DPIC conftest.o  -v -Wl,-soname -Wl,conftest -o conftest 2\>\&1 \| /usr/bin/grep  -lc  \>/dev/null 2\>\&1
configure:12934: $? = 0
configure:12948: result: no
configure:13108: checking dynamic linker characteristics
configure:13619: gcc -o conftest    -Wl,-rpath -Wl,/foo conftest.c  >&5
configure:13619: $? = 0
configure:13845: result: GNU/Linux ld.so
configure:13952: checking how to hardcode library paths into programs
configure:13977: result: immediate
configure:14517: checking whether stripping libraries is possible
configure:14522: result: yes
configure:14557: checking if libtool supports shared libraries
configure:14559: result: yes
configure:14562: checking whether to build shared libraries
configure:14583: result: yes
configure:14586: checking whether to build static libraries
configure:14590: result: yes
configure:14613: checking how to run the C++ preprocessor
configure:14679: result: g++ -E
configure:14699: g++ -E  conftest.cpp
configure:14699: $? = 0
configure:14713: g++ -E  conftest.cpp
conftest.cpp:28:10: fatal error: ac_nonexistent.h: No such file or directory
 #include <ac_nonexistent.h>
          ^~~~~~~~~~~~~~~~~~
compilation terminated.
configure:14713: $? = 1
configure: failed program was:
| /* confdefs.h */
| #define PACKAGE_NAME "Protocol Buffers"
| #define PACKAGE_TARNAME "protobuf"
| #define PACKAGE_VERSION "3.6.1"
| #define PACKAGE_STRING "Protocol Buffers 3.6.1"
| #define PACKAGE_BUGREPORT "protobuf@googlegroups.com"
| #define PACKAGE_URL ""
| #define PACKAGE "protobuf"
| #define VERSION "3.6.1"
| #define STDC_HEADERS 1
| #define HAVE_SYS_TYPES_H 1
| #define HAVE_SYS_STAT_H 1
| #define HAVE_STDLIB_H 1
| #define HAVE_STRING_H 1
| #define HAVE_MEMORY_H 1
| #define HAVE_STRINGS_H 1
| #define HAVE_INTTYPES_H 1
| #define HAVE_STDINT_H 1
| #define HAVE_UNISTD_H 1
| #define __EXTENSIONS__ 1
| #define _ALL_SOURCE 1
| #define _GNU_SOURCE 1
| #define _POSIX_PTHREAD_SEMANTICS 1
| #define _TANDEM_SOURCE 1
| #define HAVE_DLFCN_H 1
| #define LT_OBJDIR ".libs/"
| /* end confdefs.h.  */
| #include <ac_nonexistent.h>
configure:14882: checking for ld used by g++
configure:14949: result: /opt/rh/devtoolset-7/root/usr/libexec/gcc/x86_64-redhat-linux/7/ld -m elf_x86_64
configure:14956: checking if the linker (/opt/rh/devtoolset-7/root/usr/libexec/gcc/x86_64-redhat-linux/7/ld -m elf_x86_64) is GNU ld
configure:14971: result: yes
configure:15026: checking whether the g++ linker (/opt/rh/devtoolset-7/root/usr/libexec/gcc/x86_64-redhat-linux/7/ld -m elf_x86_64) supports shared libraries
configure:16031: result: yes
configure:16067: g++ -c  -g -std=c++11 -DNDEBUG  conftest.cpp >&5
configure:16070: $? = 0
configure:16590: checking for g++ option to produce PIC
configure:16597: result: -fPIC -DPIC
configure:16605: checking if g++ PIC flag -fPIC -DPIC works
configure:16623: g++ -c  -g -std=c++11 -DNDEBUG  -fPIC -DPIC -DPIC conftest.cpp >&5
configure:16627: $? = 0
configure:16640: result: yes
configure:16663: checking if g++ static flag -static works
configure:16691: result: no
configure:16703: checking if g++ supports -c -o file.o
configure:16724: g++ -c  -g -std=c++11 -DNDEBUG  -o out/conftest2.o conftest.cpp >&5
configure:16728: $? = 0
configure:16750: result: yes
configure:16755: checking if g++ supports -c -o file.o
configure:16802: result: yes
configure:16832: checking whether the g++ linker (/opt/rh/devtoolset-7/root/usr/libexec/gcc/x86_64-redhat-linux/7/ld -m elf_x86_64) supports shared libraries
configure:16868: result: yes
configure:17009: checking dynamic linker characteristics
configure:17680: result: GNU/Linux ld.so
configure:17733: checking how to hardcode library paths into programs
configure:17758: result: immediate
configure:17821: checking whether the linker supports version scripts
configure:17837: g++ -o conftest  -g -std=c++11 -DNDEBUG   -Wl,--version-script=conftest.map conftest.cpp  >&5
configure:17837: $? = 0
configure:17838: result: yes
configure:17857: checking for ANSI C header files
configure:17961: result: yes
configure:17972: checking fcntl.h usability
configure:17972: g++ -c  -g -std=c++11 -DNDEBUG  conftest.cpp >&5
configure:17972: $? = 0
configure:17972: result: yes
configure:17972: checking fcntl.h presence
configure:17972: g++ -E  conftest.cpp
configure:17972: $? = 0
configure:17972: result: yes
configure:17972: checking for fcntl.h
configure:17972: result: yes
configure:17972: checking for inttypes.h
configure:17972: result: yes
configure:17972: checking limits.h usability
configure:17972: g++ -c  -g -std=c++11 -DNDEBUG  conftest.cpp >&5
configure:17972: $? = 0
configure:17972: result: yes
configure:17972: checking limits.h presence
configure:17972: g++ -E  conftest.cpp
configure:17972: $? = 0
configure:17972: result: yes
configure:17972: checking for limits.h
configure:17972: result: yes
configure:17972: checking for stdlib.h
configure:17972: result: yes
configure:17972: checking for unistd.h
configure:17972: result: yes
configure:17984: checking for working memcmp
configure:18027: g++ -o conftest  -g -std=c++11 -DNDEBUG   conftest.cpp  >&5
configure:18027: $? = 0
configure:18027: ./conftest
configure:18027: $? = 0
configure:18037: result: yes
configure:18046: checking for working strtod
configure:18087: g++ -o conftest  -g -std=c++11 -DNDEBUG   conftest.cpp  >&5
conftest.cpp: In function 'int main()':
conftest.cpp:76:20: warning: ISO C++ forbids converting a string constant to 'char*' [-Wwrite-strings]
     char *string = " +69";
                    ^~~~~~
conftest.cpp:87:20: warning: ISO C++ forbids converting a string constant to 'char*' [-Wwrite-strings]
     char *string = "NaN";
                    ^~~~~
configure:18087: $? = 0
configure:18087: ./conftest
configure:18087: $? = 0
configure:18097: result: yes
configure:18162: checking for ftruncate
configure:18162: g++ -o conftest  -g -std=c++11 -DNDEBUG   conftest.cpp  >&5
configure:18162: $? = 0
configure:18162: result: yes
configure:18162: checking for memset
configure:18162: g++ -o conftest  -g -std=c++11 -DNDEBUG   conftest.cpp  >&5
conftest.cpp:58:6: warning: declaration of 'char memset()' conflicts with built-in declaration 'void* memset(void*, int, long unsigned int)' [-Wbuiltin-declaration-mismatch]
 char memset ();
      ^~~~~~
configure:18162: $? = 0
configure:18162: result: yes
configure:18162: checking for mkdir
configure:18162: g++ -o conftest  -g -std=c++11 -DNDEBUG   conftest.cpp  >&5
configure:18162: $? = 0
configure:18162: result: yes
configure:18162: checking for strchr
configure:18162: g++ -o conftest  -g -std=c++11 -DNDEBUG   conftest.cpp  >&5
conftest.cpp:60:6: warning: declaration of 'char strchr()' conflicts with built-in declaration 'char* strchr(const char*, int)' [-Wbuiltin-declaration-mismatch]
 char strchr ();
      ^~~~~~
configure:18162: $? = 0
configure:18162: result: yes
configure:18162: checking for strerror
configure:18162: g++ -o conftest  -g -std=c++11 -DNDEBUG   conftest.cpp  >&5
configure:18162: $? = 0
configure:18162: result: yes
configure:18162: checking for strtol
configure:18162: g++ -o conftest  -g -std=c++11 -DNDEBUG   conftest.cpp  >&5
configure:18162: $? = 0
configure:18162: result: yes
configure:18176: checking zlib version
configure:18196: g++ -c  -g -std=c++11 -DNDEBUG  conftest.cpp >&5
configure:18196: $? = 0
configure:18198: result: ok (1.2.0.4 or later)
configure:18202: checking for library containing zlibVersion
configure:18233: g++ -o conftest  -g -std=c++11 -DNDEBUG   conftest.cpp  >&5
/tmp/ccd1xA8F.o: In function `main':
/home/jinzhen/proto-test/protobuf-3.6.1/conftest.cpp:51: undefined reference to `zlibVersion'
collect2: error: ld returned 1 exit status
configure:18233: $? = 1
configure: failed program was:
| /* confdefs.h */
| #define PACKAGE_NAME "Protocol Buffers"
| #define PACKAGE_TARNAME "protobuf"
| #define PACKAGE_VERSION "3.6.1"
| #define PACKAGE_STRING "Protocol Buffers 3.6.1"
| #define PACKAGE_BUGREPORT "protobuf@googlegroups.com"
| #define PACKAGE_URL ""
| #define PACKAGE "protobuf"
| #define VERSION "3.6.1"
| #define STDC_HEADERS 1
| #define HAVE_SYS_TYPES_H 1
| #define HAVE_SYS_STAT_H 1
| #define HAVE_STDLIB_H 1
| #define HAVE_STRING_H 1
| #define HAVE_MEMORY_H 1
| #define HAVE_STRINGS_H 1
| #define HAVE_INTTYPES_H 1
| #define HAVE_STDINT_H 1
| #define HAVE_UNISTD_H 1
| #define __EXTENSIONS__ 1
| #define _ALL_SOURCE 1
| #define _GNU_SOURCE 1
| #define _POSIX_PTHREAD_SEMANTICS 1
| #define _TANDEM_SOURCE 1
| #define HAVE_DLFCN_H 1
| #define LT_OBJDIR ".libs/"
| #define STDC_HEADERS 1
| #define HAVE_FCNTL_H 1
| #define HAVE_INTTYPES_H 1
| #define HAVE_LIMITS_H 1
| #define HAVE_STDLIB_H 1
| #define HAVE_UNISTD_H 1
| #define HAVE_FTRUNCATE 1
| #define HAVE_MEMSET 1
| #define HAVE_MKDIR 1
| #define HAVE_STRCHR 1
| #define HAVE_STRERROR 1
| #define HAVE_STRTOL 1
| /* end confdefs.h.  */
| 
| /* Override any GCC internal prototype to avoid an error.
|    Use char because int might match the return type of a GCC
|    builtin and then its argument prototype would still apply.  */
| #ifdef __cplusplus
| extern "C"
| #endif
| char zlibVersion ();
| int
| main ()
| {
| return zlibVersion ();
|   ;
|   return 0;
| }
configure:18233: g++ -o conftest  -g -std=c++11 -DNDEBUG   conftest.cpp -lz   >&5
configure:18233: $? = 0
configure:18250: result: -lz
configure:18520: checking whether gcc is Clang
configure:18545: result: no
configure:18668: checking whether pthreads work with -pthread
configure:18762: gcc -o conftest  -pthread   conftest.c  -lz  >&5
configure:18762: $? = 0
configure:18771: result: yes
configure:18790: checking for joinable pthread attribute
configure:18808: gcc -o conftest  -pthread   conftest.c  -lz  >&5
configure:18808: $? = 0
configure:18816: result: PTHREAD_CREATE_JOINABLE
configure:18830: checking whether more special flags are required for pthreads
configure:18843: result: no
configure:18851: checking for PTHREAD_PRIO_INHERIT
configure:18867: gcc -o conftest  -pthread   conftest.c  -lz  >&5
configure:18867: $? = 0
configure:18876: result: yes
configure:18988: checking the location of hash_map
configure:19014: g++ -c  -g -std=c++11 -DNDEBUG  conftest.cpp >&5
configure:19014: $? = 0
configure:19036: g++ -c  -g -std=c++11 -DNDEBUG  conftest.cpp >&5
configure:19036: $? = 0
configure:19103: result: <unordered_map>
configure:19118: checking for library containing sched_yield
configure:19149: g++ -o conftest  -g -std=c++11 -DNDEBUG   conftest.cpp -lz  >&5
configure:19149: $? = 0
configure:19166: result: none required
configure:19205: checking whether g++ supports C++11 features by default
configure:19518: g++ -c  -g -std=c++11 -DNDEBUG  conftest.cpp >&5
configure:19518: $? = 0
configure:19525: result: yes
configure:20027: checking that generated files are newer than configure
configure:20033: result: done
configure:20096: creating ./config.status

## ---------------------- ##
## Running config.status. ##
## ---------------------- ##

This file was extended by Protocol Buffers config.status 3.6.1, which was
generated by GNU Autoconf 2.69.  Invocation command line was

  CONFIG_FILES    = 
  CONFIG_HEADERS  = 
  CONFIG_LINKS    = 
  CONFIG_COMMANDS = 
  $ ./config.status 

on node1

config.status:1225: creating Makefile
config.status:1225: creating src/Makefile
config.status:1225: creating benchmarks/Makefile
config.status:1225: creating conformance/Makefile
config.status:1225: creating protobuf.pc
config.status:1225: creating protobuf-lite.pc
config.status:1225: creating config.h
config.status:1454: executing depfiles commands
config.status:1454: executing libtool commands
configure:22656: === configuring in third_party/googletest (/home/jinzhen/proto-test/protobuf-3.6.1/third_party/googletest)
configure:22719: running /bin/sh ./configure --disable-option-checking '--prefix=/usr/local'  --cache-file=/dev/null --srcdir=.

## ---------------- ##
## Cache variables. ##
## ---------------- ##

ac_cv_build=x86_64-unknown-linux-gnu
ac_cv_build_prog_CPP='gcc -E'
ac_cv_build_prog_CXXCPP='g++ -E'
ac_cv_build_prog_cc_g=yes
ac_cv_build_prog_cxx_g=yes
ac_cv_c_compiler_gnu=yes
ac_cv_cxx_compiler_gnu=yes
ac_cv_cxx_hash_map='<unordered_map>'
ac_cv_cxx_hash_map_class=unordered_map
ac_cv_cxx_hash_namespace=std
ac_cv_cxx_hash_set='<unordered_set>'
ac_cv_cxx_hash_set_class=unordered_set
ac_cv_env_CCC_set=
ac_cv_env_CCC_value=
ac_cv_env_CC_set=
ac_cv_env_CC_value=
ac_cv_env_CFLAGS_set=
ac_cv_env_CFLAGS_value=
ac_cv_env_CPPFLAGS_set=
ac_cv_env_CPPFLAGS_value=
ac_cv_env_CPP_set=
ac_cv_env_CPP_value=
ac_cv_env_CXXCPP_set=
ac_cv_env_CXXCPP_value=
ac_cv_env_CXXFLAGS_set=
ac_cv_env_CXXFLAGS_value=
ac_cv_env_CXX_set=
ac_cv_env_CXX_value=
ac_cv_env_DIST_LANG_set=
ac_cv_env_DIST_LANG_value=
ac_cv_env_LDFLAGS_set=
ac_cv_env_LDFLAGS_value=
ac_cv_env_LIBS_set=
ac_cv_env_LIBS_value=
ac_cv_env_OBJCFLAGS_set=
ac_cv_env_OBJCFLAGS_value=
ac_cv_env_OBJC_set=
ac_cv_env_OBJC_value=
ac_cv_env_build_alias_set=
ac_cv_env_build_alias_value=
ac_cv_env_host_alias_set=
ac_cv_env_host_alias_value=
ac_cv_env_target_alias_set=
ac_cv_env_target_alias_value=
ac_cv_func_ftruncate=yes
ac_cv_func_memcmp_working=yes
ac_cv_func_memset=yes
ac_cv_func_mkdir=yes
ac_cv_func_strchr=yes
ac_cv_func_strerror=yes
ac_cv_func_strtod=yes
ac_cv_func_strtol=yes
ac_cv_have_decl___SUNPRO_CC=no
ac_cv_header_dlfcn_h=yes
ac_cv_header_fcntl_h=yes
ac_cv_header_inttypes_h=yes
ac_cv_header_limits_h=yes
ac_cv_header_memory_h=yes
ac_cv_header_minix_config_h=no
ac_cv_header_stdc=yes
ac_cv_header_stdint_h=yes
ac_cv_header_stdlib_h=yes
ac_cv_header_string_h=yes
ac_cv_header_strings_h=yes
ac_cv_header_sys_stat_h=yes
ac_cv_header_sys_types_h=yes
ac_cv_header_unistd_h=yes
ac_cv_host=x86_64-unknown-linux-gnu
ac_cv_objc_compiler_gnu=no
ac_cv_objext=o
ac_cv_path_EGREP='/usr/bin/grep -E'
ac_cv_path_FGREP='/usr/bin/grep -F'
ac_cv_path_GREP=/usr/bin/grep
ac_cv_path_SED=/usr/bin/sed
ac_cv_path_install='/usr/bin/install -c'
ac_cv_path_mkdir=/usr/bin/mkdir
ac_cv_prog_AWK=gawk
ac_cv_prog_CPP='gcc -E'
ac_cv_prog_CXXCPP='g++ -E'
ac_cv_prog_ac_ct_AR=ar
ac_cv_prog_ac_ct_CC=gcc
ac_cv_prog_ac_ct_CC_FOR_BUILD=gcc
ac_cv_prog_ac_ct_CXX=g++
ac_cv_prog_ac_ct_CXX_FOR_BUILD=g++
ac_cv_prog_ac_ct_OBJC=gcc
ac_cv_prog_ac_ct_OBJDUMP=objdump
ac_cv_prog_ac_ct_RANLIB=ranlib
ac_cv_prog_ac_ct_STRIP=strip
ac_cv_prog_cc_c89=
ac_cv_prog_cc_g=yes
ac_cv_prog_cxx_g=yes
ac_cv_prog_make_make_set=yes
ac_cv_prog_objc_g=no
ac_cv_safe_to_define___extensions__=yes
ac_cv_search_sched_yield='none required'
ac_cv_search_zlibVersion=-lz
ac_cv_target=x86_64-unknown-linux-gnu
am_cv_CC_dependencies_compiler_type=gcc3
am_cv_CXX_dependencies_compiler_type=gcc3
am_cv_OBJC_dependencies_compiler_type=gcc3
am_cv_ar_interface=ar
am_cv_make_support_nested_variables=yes
am_cv_prog_tar_ustar=gnutar
ax_cv_PTHREAD_CLANG=no
ax_cv_PTHREAD_JOINABLE_ATTR=PTHREAD_CREATE_JOINABLE
ax_cv_PTHREAD_PRIO_INHERIT=yes
ax_cv_PTHREAD_SPECIAL_FLAGS=no
ax_cv_cxx_compile_cxx11=yes
lt_cv_ar_at_file=@
lt_cv_archive_cmds_need_lc=no
lt_cv_deplibs_check_method=pass_all
lt_cv_file_magic_cmd='$MAGIC_CMD'
lt_cv_file_magic_test_file=
lt_cv_ld_reload_flag=-r
lt_cv_nm_interface='BSD nm'
lt_cv_objdir=.libs
lt_cv_path_LD=/opt/rh/devtoolset-7/root/usr/libexec/gcc/x86_64-redhat-linux/7/ld
lt_cv_path_LDCXX='/opt/rh/devtoolset-7/root/usr/libexec/gcc/x86_64-redhat-linux/7/ld -m elf_x86_64'
lt_cv_path_NM='/usr/bin/nm -B'
lt_cv_path_mainfest_tool=no
lt_cv_prog_compiler_c_o=yes
lt_cv_prog_compiler_c_o_CXX=yes
lt_cv_prog_compiler_pic='-fPIC -DPIC'
lt_cv_prog_compiler_pic_CXX='-fPIC -DPIC'
lt_cv_prog_compiler_pic_works=yes
lt_cv_prog_compiler_pic_works_CXX=yes
lt_cv_prog_compiler_rtti_exceptions=no
lt_cv_prog_compiler_static_works=no
lt_cv_prog_compiler_static_works_CXX=no
lt_cv_prog_gnu_ld=yes
lt_cv_prog_gnu_ldcxx=yes
lt_cv_sharedlib_from_linklib_cmd='printf %s\n'
lt_cv_shlibpath_overrides_runpath=no
lt_cv_sys_global_symbol_pipe='sed -n -e '\''s/^.*[	 ]\([ABCDGIRSTW][ABCDGIRSTW]*\)[	 ][	 ]*\([_A-Za-z][_A-Za-z0-9]*\)$/\1 \2 \2/p'\'' | sed '\''/ __gnu_lto/d'\'''
lt_cv_sys_global_symbol_to_c_name_address='sed -n -e '\''s/^: \([^ ]*\)[ ]*$/  {\"\1\", (void *) 0},/p'\'' -e '\''s/^[ABCDGIRSTW]* \([^ ]*\) \([^ ]*\)$/  {"\2", (void *) \&\2},/p'\'''
lt_cv_sys_global_symbol_to_c_name_address_lib_prefix='sed -n -e '\''s/^: \([^ ]*\)[ ]*$/  {\"\1\", (void *) 0},/p'\'' -e '\''s/^[ABCDGIRSTW]* \([^ ]*\) \(lib[^ ]*\)$/  {"\2", (void *) \&\2},/p'\'' -e '\''s/^[ABCDGIRSTW]* \([^ ]*\) \([^ ]*\)$/  {"lib\2", (void *) \&\2},/p'\'''
lt_cv_sys_global_symbol_to_cdecl='sed -n -e '\''s/^T .* \(.*\)$/extern int \1();/p'\'' -e '\''s/^[ABCDGIRSTW]* .* \(.*\)$/extern char \1;/p'\'''
lt_cv_sys_max_cmd_len=1572864
lt_cv_to_host_file_cmd=func_convert_file_noop
lt_cv_to_tool_file_cmd=func_convert_file_noop

## ----------------- ##
## Output variables. ##
## ----------------- ##

ACLOCAL='${SHELL} /home/jinzhen/proto-test/protobuf-3.6.1/missing aclocal-1.13'
AMDEPBACKSLASH='\'
AMDEP_FALSE='#'
AMDEP_TRUE=''
AMTAR='$${TAR-tar}'
AM_BACKSLASH='\'
AM_DEFAULT_V='$(AM_DEFAULT_VERBOSITY)'
AM_DEFAULT_VERBOSITY='1'
AM_V='$(V)'
AR='ar'
AUTOCONF='${SHELL} /home/jinzhen/proto-test/protobuf-3.6.1/missing autoconf'
AUTOHEADER='${SHELL} /home/jinzhen/proto-test/protobuf-3.6.1/missing autoheader'
AUTOMAKE='${SHELL} /home/jinzhen/proto-test/protobuf-3.6.1/missing automake-1.13'
AWK='gawk'
BUILD_EXEEXT=''
BUILD_OBJEXT=''
CC='gcc'
CCDEPMODE='depmode=gcc3'
CC_FOR_BUILD='gcc'
CFLAGS=''
CFLAGS_FOR_BUILD='-g -O2'
CPP='gcc -E'
CPPFLAGS=''
CPPFLAGS_FOR_BUILD=''
CPP_FOR_BUILD='gcc -E'
CXX='g++'
CXXCPP='g++ -E'
CXXCPPFLAGS_FOR_BUILD=''
CXXCPP_FOR_BUILD='g++ -E'
CXXDEPMODE='depmode=gcc3'
CXXFLAGS=' -g -std=c++11 -DNDEBUG'
CXXFLAGS_FOR_BUILD='-g -O2'
CXX_FOR_BUILD='g++'
CYGPATH_W='echo'
DEFS='-DHAVE_CONFIG_H'
DEPDIR='.deps'
DIST_LANG='all'
DLLTOOL='false'
DSYMUTIL=''
DUMPBIN=''
ECHO_C=''
ECHO_N='-n'
ECHO_T=''
EGREP='/usr/bin/grep -E'
EXEEXT=''
FGREP='/usr/bin/grep -F'
GCC_FALSE='#'
GCC_TRUE=''
GREP='/usr/bin/grep'
HAVE_CXX11='1'
HAVE_LD_VERSION_SCRIPT_FALSE='#'
HAVE_LD_VERSION_SCRIPT_TRUE=''
HAVE_PTHREAD_FALSE='#'
HAVE_PTHREAD_TRUE=''
HAVE_ZLIB_FALSE='#'
HAVE_ZLIB_TRUE=''
INSTALL_DATA='${INSTALL} -m 644'
INSTALL_PROGRAM='${INSTALL}'
INSTALL_SCRIPT='${INSTALL}'
INSTALL_STRIP_PROGRAM='$(install_sh) -c -s'
ISAINFO=''
LD='/opt/rh/devtoolset-7/root/usr/libexec/gcc/x86_64-redhat-linux/7/ld -m elf_x86_64'
LDFLAGS=''
LDFLAGS_FOR_BUILD=''
LIBOBJS=''
LIBS='-lz '
LIBTOOL='$(SHELL) $(top_builddir)/libtool'
LIPO=''
LN_S='ln -s'
LTLIBOBJS=''
MAINT=''
MAINTAINER_MODE_FALSE='#'
MAINTAINER_MODE_TRUE=''
MAKEINFO='${SHELL} /home/jinzhen/proto-test/protobuf-3.6.1/missing makeinfo'
MANIFEST_TOOL=':'
MKDIR_P='/usr/bin/mkdir -p'
NM='/usr/bin/nm -B'
NMEDIT=''
OBJC='gcc'
OBJCDEPMODE='depmode=gcc3'
OBJCFLAGS=''
OBJC_CONFORMANCE_TEST_FALSE=''
OBJC_CONFORMANCE_TEST_TRUE='#'
OBJDUMP='objdump'
OBJEXT='o'
OTOOL64=''
OTOOL=''
PACKAGE='protobuf'
PACKAGE_BUGREPORT='protobuf@googlegroups.com'
PACKAGE_NAME='Protocol Buffers'
PACKAGE_STRING='Protocol Buffers 3.6.1'
PACKAGE_TARNAME='protobuf'
PACKAGE_URL=''
PACKAGE_VERSION='3.6.1'
PATH_SEPARATOR=':'
POW_LIB=''
PROTOBUF_OPT_FLAG='-O2'
PROTOC=''
PTHREAD_CC='gcc'
PTHREAD_CFLAGS='-pthread'
PTHREAD_LIBS=''
RANLIB='ranlib'
SED='/usr/bin/sed'
SET_MAKE=''
SHELL='/bin/sh'
STRIP='strip'
USE_EXTERNAL_PROTOC_FALSE=''
USE_EXTERNAL_PROTOC_TRUE='#'
VERSION='3.6.1'
ac_ct_AR='ar'
ac_ct_CC='gcc'
ac_ct_CC_FOR_BUILD='gcc'
ac_ct_CXX='g++'
ac_ct_CXX_FOR_BUILD='g++'
ac_ct_DUMPBIN=''
ac_ct_OBJC='gcc'
am__EXEEXT_FALSE=''
am__EXEEXT_TRUE='#'
am__fastdepCC_FALSE='#'
am__fastdepCC_TRUE=''
am__fastdepCXX_FALSE='#'
am__fastdepCXX_TRUE=''
am__fastdepOBJC_FALSE='#'
am__fastdepOBJC_TRUE=''
am__include='include'
am__isrc=''
am__leading_dot='.'
am__nodep='_no'
am__quote=''
am__tar='tar --format=ustar -chf - "$$tardir"'
am__untar='tar -xf -'
ax_pthread_config=''
bindir='${exec_prefix}/bin'
build='x86_64-unknown-linux-gnu'
build_alias=''
build_cpu='x86_64'
build_os='linux-gnu'
build_vendor='unknown'
datadir='${datarootdir}'
datarootdir='${prefix}/share'
docdir='${datarootdir}/doc/${PACKAGE_TARNAME}'
dvidir='${docdir}'
exec_prefix='${prefix}'
host='x86_64-unknown-linux-gnu'
host_alias=''
host_cpu='x86_64'
host_os='linux-gnu'
host_vendor='unknown'
htmldir='${docdir}'
includedir='${prefix}/include'
infodir='${datarootdir}/info'
install_sh='${SHELL} /home/jinzhen/proto-test/protobuf-3.6.1/install-sh'
libdir='${exec_prefix}/lib'
libexecdir='${exec_prefix}/libexec'
localedir='${datarootdir}/locale'
localstatedir='${prefix}/var'
mandir='${datarootdir}/man'
mkdir_p='$(MKDIR_P)'
oldincludedir='/usr/include'
pdfdir='${docdir}'
prefix='/usr/local'
program_transform_name='s,x,x,'
psdir='${docdir}'
sbindir='${exec_prefix}/sbin'
sharedstatedir='${prefix}/com'
subdirs=' third_party/googletest'
sysconfdir='${prefix}/etc'
target='x86_64-unknown-linux-gnu'
target_alias=''
target_cpu='x86_64'
target_os='linux-gnu'
target_vendor='unknown'

## ----------- ##
## confdefs.h. ##
## ----------- ##

/* confdefs.h */
#define PACKAGE_NAME "Protocol Buffers"
#define PACKAGE_TARNAME "protobuf"
#define PACKAGE_VERSION "3.6.1"
#define PACKAGE_STRING "Protocol Buffers 3.6.1"
#define PACKAGE_BUGREPORT "protobuf@googlegroups.com"
#define PACKAGE_URL ""
#define PACKAGE "protobuf"
#define VERSION "3.6.1"
#define STDC_HEADERS 1
#define HAVE_SYS_TYPES_H 1
#define HAVE_SYS_STAT_H 1
#define HAVE_STDLIB_H 1
#define HAVE_STRING_H 1
#define HAVE_MEMORY_H 1
#define HAVE_STRINGS_H 1
#define HAVE_INTTYPES_H 1
#define HAVE_STDINT_H 1
#define HAVE_UNISTD_H 1
#define __EXTENSIONS__ 1
#define _ALL_SOURCE 1
#define _GNU_SOURCE 1
#define _POSIX_PTHREAD_SEMANTICS 1
#define _TANDEM_SOURCE 1
#define HAVE_DLFCN_H 1
#define LT_OBJDIR ".libs/"
#define STDC_HEADERS 1
#define HAVE_FCNTL_H 1
#define HAVE_INTTYPES_H 1
#define HAVE_LIMITS_H 1
#define HAVE_STDLIB_H 1
#define HAVE_UNISTD_H 1
#define HAVE_FTRUNCATE 1
#define HAVE_MEMSET 1
#define HAVE_MKDIR 1
#define HAVE_STRCHR 1
#define HAVE_STRERROR 1
#define HAVE_STRTOL 1
#define HAVE_ZLIB 1
#define HAVE_PTHREAD_PRIO_INHERIT 1
#define HAVE_PTHREAD 1
#define HAVE_HASH_MAP 1
#define HAVE_HASH_SET 1
#define HASH_MAP_H <unordered_map>
#define HASH_SET_H <unordered_set>
#define HASH_NAMESPACE std
#define HASH_MAP_CLASS unordered_map
#define HASH_SET_CLASS unordered_set
#define HAVE_CXX11 1

configure: exit 0
